<?xml version="1.0" encoding="UTF-8"?>
<!-- Generated by org.testng.reporters.JUnitReportReporter -->
<testsuite hostname="LAPTOP-EVT0P56Q" failures="0" tests="1" name="com.IntBanking.TestCases.TC_DragDrop_003" time="6.175" errors="0" timestamp="2023-11-01T21:02:52 IST" skipped="0">
  <testcase classname="com.IntBanking.TestCases.TC_DragDrop_003" name="DragndropTest" time="6.175"/>
  <system-out/>
</testsuite> <!-- com.IntBanking.TestCases.TC_DragDrop_003 -->
