<?xml version="1.0" encoding="UTF-8"?>
<!-- Generated by org.testng.reporters.JUnitReportReporter -->
<testsuite hostname="LAPTOP-EVT0P56Q" failures="0" tests="1" name="com.IntBanking.TestCases.TC_LoginTest_001" time="1.453" errors="0" timestamp="2023-10-15T21:41:08 IST" skipped="0">
  <testcase classname="com.IntBanking.TestCases.TC_LoginTest_001" name="LoginTest" time="1.453"/>
  <system-out/>
</testsuite> <!-- com.IntBanking.TestCases.TC_LoginTest_001 -->
